<?xml version="1.0" encoding="UTF-8"?>
<!-- Generated by org.testng.reporters.JUnitReportReporter -->
<testsuite skipped="0" hostname="DESKTOP-Q44GKQB" name="com.nopcommerce.demo.testsuite.HomePageTest" tests="1" failures="0" timestamp="2022-12-13T23:13:20 AEST" time="4.330" errors="0">
  <testcase name="verifyPageNavigationElectronics" time="4.330" classname="com.nopcommerce.demo.testsuite.HomePageTest"/>
  <system-out>
    <![CDATA[selectMenu]]>
  </system-out>
</testsuite> <!-- com.nopcommerce.demo.testsuite.HomePageTest -->
